<?xml version="1.0" encoding="UTF-8" ?>
<testsuite errors="0" failures="0" hostname="Brians-MacBook-Air-7.local" name="org.gjt.sp.jedit.TextUtilitiesTest" skipped="0" tests="2" time="0.024" timestamp="2021-09-22T22:03:22">
  <properties>
    <property name="sun.boot.library.path.ivy.instance" value="/Library/Java/JavaVirtualMachines/openjdk-14.0.2.jdk/Contents/Home/lib" />
    <property name="java.specification.version" value="14" />
    <property name="java.specification.version.ivy.instance" value="14" />
    <property name="sun.cpu.endian.ivy.instance" value="little" />
    <property name="config.lib.dir" value="lib" />
    <property name="manual.filename.prefix" value="jedit5.6.0manual-" />
    <property name="sun.arch.data.model" value="64" />
    <property name="ivy.home" value="/Users/Wiggins/.ivy2" />
    <property name="java.vendor.url" value="https://java.oracle.com/" />
    <property name="java.version.ivy.instance" value="14.0.2" />
    <property name="ivy.default.conf.dir.ivy.instance" value="jar:file:/Users/Wiggins/Desktop/CS471/H4/jEdit/lib/ivy/ivy-2.2.0.jar!/org/apache/ivy/core/settings" />
    <property name="ivy.conf.dir" value="/Users/Wiggins/Desktop/CS471/H4/jEdit/build" />
    <property name="sun.boot.library.path" value="/Library/Java/JavaVirtualMachines/openjdk-14.0.2.jdk/Contents/Home/lib" />
    <property name="os.version.ivy.instance" value="10.16" />
    <property name="sun.java.command" value="org.apache.tools.ant.taskdefs.optional.junit.JUnitTestRunner testsfile=/Users/Wiggins/Desktop/CS471/H4/jEdit/junittestcases1839240783944740407.properties skipNonTests=false filtertrace=true haltOnError=false haltOnFailure=false formatter=org.apache.tools.ant.taskdefs.optional.junit.SummaryJUnitResultFormatter showoutput=true outputtoformatters=true logfailedtests=true threadid=0 logtestlistenerevents=true formatter=org.apache.tools.ant.taskdefs.optional.junit.XMLJUnitResultFormatter,/Users/Wiggins/Desktop/CS471/H4/jEdit/build/test/raw-reports/IGNORETHIS.xml crashfile=/Users/Wiggins/Desktop/CS471/H4/jEdit/junitvmwatcher4238964093729455739.properties propsfile=/Users/Wiggins/Desktop/CS471/H4/jEdit/junit2171603723982760745.properties" />
    <property name="ivy.retrieve.pattern.ivy.instance" value="/Users/Wiggins/Desktop/CS471/H4/jEdit/lib/[artifact]-[revision](-[classifier]).[ext]" />
    <property name="sun.jnu.encoding.ivy.instance" value="UTF-8" />
    <property name="user.dir.ivy.instance" value="/Users/Wiggins/Desktop/CS471/H4/jEdit" />
    <property name="jdk.debug" value="release" />
    <property name="ivy.revision" value="working@Brians-MacBook-Air-7.local" />
    <property name="java.specification.vendor" value="Oracle Corporation" />
    <property name="java.version.date" value="2020-07-14" />
    <property name="java.vm.version.ivy.instance" value="14.0.2+12-46" />
    <property name="file.separator.ivy.instance" value="/" />
    <property name="java.home" value="/Library/Java/JavaVirtualMachines/openjdk-14.0.2.jdk/Contents/Home" />
    <property name="basedir" value="/Users/Wiggins/Desktop/CS471/H4/jEdit" />
    <property name="ivy.jar.file" value="/Users/Wiggins/Desktop/CS471/H4/jEdit/lib/ivy/ivy-2.2.0.jar" />
    <property name="java.vm.specification.vendor" value="Oracle Corporation" />
    <property name="java.specification.name" value="Java Platform API Specification" />
    <property name="user.timezone.ivy.instance" value="America/Boise" />
    <property name="ivy.conf.file" value="/Users/Wiggins/Desktop/CS471/H4/jEdit/build/ivysettings.xml" />
    <property name="ivy.basedir.ivy.instance" value="/Users/Wiggins/Desktop/CS471/H4/jEdit" />
    <property name="ivy.resolve.default.type.filter.ivy.instance" value="*" />
    <property name="ivy.default.ivy.user.dir" value="/Users/Wiggins/.ivy2" />
    <property name="ivy.lib.dir.ivy.instance" value="/Users/Wiggins/Desktop/CS471/H4/jEdit/lib" />
    <property name="ivy.cache.dir" value="/Users/Wiggins/.ivy2/cache" />
    <property name="sun.management.compiler" value="HotSpot 64-Bit Tiered Compilers" />
    <property name="java.runtime.version" value="14.0.2+12-46" />
    <property name="java.runtime.name.ivy.instance" value="OpenJDK Runtime Environment" />
    <property name="init.done" value="true" />
    <property name="socksNonProxyHosts.ivy.instance" value="local|*.local|169.254/16|*.169.254/16" />
    <property name="sun.io.unicode.encoding.ivy.instance" value="UnicodeBig" />
    <property name="basedir.ivy.instance" value="/Users/Wiggins/Desktop/CS471/H4/jEdit" />
    <property name="polyglot.js.nashorn-compat" value="true" />
    <property name="file.encoding" value="UTF-8" />
    <property name="ivy.dep.file" value="ivy.xml" />
    <property name="user.language.ivy.instance" value="en" />
    <property name="os.name.ivy.instance" value="Mac OS X" />
    <property name="ivy.settings.file" value="ivysettings.xml" />
    <property name="config.build.compilerarg" value="-Xlint:unchecked -Xlint:finally -Xlint:fallthrough -Xmaxwarns 1000" />
    <property name="java.vm.specification.version.ivy.instance" value="14" />
    <property name="ivy.local.default.ivy.pattern" value="[organisation]/[module]/[revision]/[type]s/[artifact].[ext]" />
    <property name="java.vendor.url.ivy.instance" value="https://java.oracle.com/" />
    <property name="line.separator.ivy.instance" value="&#xa;" />
    <property name="java.io.tmpdir" value="/var/folders/kx/kby8xd5n2f9df8jvtxc9s1s80000gn/T/" />
    <property name="java.version" value="14.0.2" />
    <property name="ivy.resolved.file" value="/Users/Wiggins/Desktop/CS471/H4/jEdit/ivy.xml" />
    <property name="java.vm.specification.name.ivy.instance" value="Java Virtual Machine Specification" />
    <property name="ivy.settings.dir.ivy.instance" value="/Users/Wiggins/Desktop/CS471/H4/jEdit/build" />
    <property name="java.vm.specification.name" value="Java Virtual Machine Specification" />
    <property name="lib.dir" value="/Users/Wiggins/Desktop/CS471/H4/jEdit/lib" />
    <property name="file.encoding.ivy.instance" value="UTF-8" />
    <property name="ivy.deliver.ivy.pattern" value="/Users/Wiggins/Desktop/CS471/H4/jEdit/distrib/[type]s/[artifact]-[revision](-[classifier]).[ext]" />
    <property name="ivy.status" value="integration" />
    <property name="ant.file.jedit" value="/Users/Wiggins/Desktop/CS471/H4/jEdit/build.xml" />
    <property name="java.library.path" value="/Users/Wiggins/Library/Java/Extensions:/Library/Java/Extensions:/Network/Library/Java/Extensions:/System/Library/Java/Extensions:/usr/lib/java:." />
    <property name="java.vendor" value="Oracle Corporation" />
    <property name="ivy.jar.present" value="true" />
    <property name="sun.arch.data.model.ivy.instance" value="64" />
    <property name="sun.io.unicode.encoding" value="UnicodeBig" />
    <property name="ivy.default.ivy.user.dir.ivy.instance" value="/Users/Wiggins/.ivy2" />
    <property name="textAreaPackage" value="/Users/Wiggins/Desktop/CS471/H4/textarea" />
    <property name="ant.file.type" value="file" />
    <property name="ivy.configurations.ivy.instance" value="*" />
    <property name="java.io.tmpdir.ivy.instance" value="/var/folders/kx/kby8xd5n2f9df8jvtxc9s1s80000gn/T/" />
    <property name="java.version.date.ivy.instance" value="2020-07-14" />
    <property name="ivy.default.settings.dir.ivy.instance" value="jar:file:/Users/Wiggins/Desktop/CS471/H4/jEdit/lib/ivy/ivy-2.2.0.jar!/org/apache/ivy/core/settings" />
    <property name="ivy.shared.default.ivy.pattern" value="[organisation]/[module]/[revision]/[type]s/[artifact].[ext]" />
    <property name="ivy.shared.default.root" value="/Users/Wiggins/.ivy2/shared" />
    <property name="ivy.shared.default.ivy.pattern.ivy.instance" value="[organisation]/[module]/[revision]/[type]s/[artifact].[ext]" />
    <property name="ivy.jar.dir" value="/Users/Wiggins/Desktop/CS471/H4/jEdit/lib/ivy" />
    <property name="user.timezone" value="America/Boise" />
    <property name="java.vm.specification.version" value="14" />
    <property name="os.name" value="Mac OS X" />
    <property name="ivy.deps.changed" value="false" />
    <property name="config.build.nowarn" value="false" />
    <property name="target.java.version" value="11" />
    <property name="ivy.lib.dir" value="/Users/Wiggins/Desktop/CS471/H4/jEdit/lib" />
    <property name="http.nonProxyHosts" value="local|*.local|169.254/16|*.169.254/16" />
    <property name="user.home" value="/Users/Wiggins" />
    <property name="win.filename" value="jedit5.6.0install" />
    <property name="ant.file.type.jedit" value="file" />
    <property name="jar.location" value="/Users/Wiggins/Desktop/CS471/H4/jEdit/build" />
    <property name="sun.java.command.ivy.instance" value="org.apache.tools.ant.launch.Launcher -cp  run" />
    <property name="java.class.path.ivy.instance" value="/Users/Wiggins/Downloads/apache-ant-1.10.11/lib/ant-launcher.jar:/Users/Wiggins/Downloads/apache-ant-1.10.11/lib/ant-commons-net.jar:/Users/Wiggins/Downloads/apache-ant-1.10.11/lib/ant-xz.jar:/Users/Wiggins/Downloads/apache-ant-1.10.11/lib/ant-junit4.jar:/Users/Wiggins/Downloads/apache-ant-1.10.11/lib/ant-jai.jar:/Users/Wiggins/Downloads/apache-ant-1.10.11/lib/ant-apache-resolver.jar:/Users/Wiggins/Downloads/apache-ant-1.10.11/lib/ant-jdepend.jar:/Users/Wiggins/Downloads/apache-ant-1.10.11/lib/ant-apache-regexp.jar:/Users/Wiggins/Downloads/apache-ant-1.10.11/lib/ant-apache-log4j.jar:/Users/Wiggins/Downloads/apache-ant-1.10.11/lib/ant-javamail.jar:/Users/Wiggins/Downloads/apache-ant-1.10.11/lib/ant-apache-bcel.jar:/Users/Wiggins/Downloads/apache-ant-1.10.11/lib/ant.jar:/Users/Wiggins/Downloads/apache-ant-1.10.11/lib/ant-netrexx.jar:/Users/Wiggins/Downloads/apache-ant-1.10.11/lib/ant-swing.jar:/Users/Wiggins/Downloads/apache-ant-1.10.11/lib/ant-jsch.jar:/Users/Wiggins/Downloads/apache-ant-1.10.11/lib/ant-junitlauncher.jar:/Users/Wiggins/Downloads/apache-ant-1.10.11/lib/ant-junit.jar:/Users/Wiggins/Downloads/apache-ant-1.10.11/lib/ant-imageio.jar:/Users/Wiggins/Downloads/apache-ant-1.10.11/lib/ant-launcher.jar:/Users/Wiggins/Downloads/apache-ant-1.10.11/lib/ant-antlr.jar:/Users/Wiggins/Downloads/apache-ant-1.10.11/lib/ant-testutil.jar:/Users/Wiggins/Downloads/apache-ant-1.10.11/lib/ant-apache-oro.jar:/Users/Wiggins/Downloads/apache-ant-1.10.11/lib/ant-jmf.jar:/Users/Wiggins/Downloads/apache-ant-1.10.11/lib/ant-apache-xalan2.jar:/Users/Wiggins/Downloads/apache-ant-1.10.11/lib/ant-apache-bsf.jar:/Users/Wiggins/Downloads/apache-ant-1.10.11/lib/ant-commons-logging.jar" />
    <property name="ivy.publish.src.artifacts.pattern.ivy.instance" value="/Users/Wiggins/Desktop/CS471/H4/jEdit/distrib/[type]s/[artifact]-[revision](-[classifier]).[ext]" />
    <property name="ivy.checksums" value="sha1,md5" />
    <property name="ivy.default.settings.dir" value="jar:file:/Users/Wiggins/Desktop/CS471/H4/jEdit/lib/ivy/ivy-2.2.0.jar!/org/apache/ivy/core/settings" />
    <property name="ivy.version" value="2.2.0" />
    <property name="java.vm.info.ivy.instance" value="mixed mode, sharing" />
    <property name="ivy.distrib.dir" value="/Users/Wiggins/Desktop/CS471/H4/jEdit/distrib" />
    <property name="ant.library.dir.ivy.instance" value="/Users/Wiggins/Downloads/apache-ant-1.10.11/lib" />
    <property name="ivy.settings.url.ivy.instance" value="file:/Users/Wiggins/Desktop/CS471/H4/jEdit/build/ivysettings.xml" />
    <property name="ivy.project.dir" value="/Users/Wiggins/Desktop/CS471/H4/jEdit" />
    <property name="ant.file" value="/Users/Wiggins/Desktop/CS471/H4/jEdit/build.xml" />
    <property name="path.separator" value=":" />
    <property name="os.version" value="10.16" />
    <property name="ftp.nonProxyHosts.ivy.instance" value="local|*.local|169.254/16|*.169.254/16" />
    <property name="ivy.default.always.check.exact.revision.ivy.instance" value="false" />
    <property name="java.vm.name" value="OpenJDK 64-Bit Server VM" />
    <property name="ivy.buildlist.ivyfilepath" value="ivy.xml" />
    <property name="os.arch" value="x86_64" />
    <property name="config.build.debuglevel" value="lines,vars,source" />
    <property name="ivy.shared.default.root.ivy.instance" value="/Users/Wiggins/.ivy2/shared" />
    <property name="ivy.deliver.ivy.pattern.ivy.instance" value="/Users/Wiggins/Desktop/CS471/H4/jEdit/distrib/[type]s/[artifact]-[revision](-[classifier]).[ext]" />
    <property name="java.vm.info" value="mixed mode, sharing" />
    <property name="ivy.conf.dir.ivy.instance" value="/Users/Wiggins/Desktop/CS471/H4/jEdit/build" />
    <property name="user.country.ivy.instance" value="US" />
    <property name="java.class.version" value="58.0" />
    <property name="ivy.jar.filename" value="ivy-2.2.0.jar" />
    <property name="ant.project.default-target" value="build" />
    <property name="ant.library.dir" value="/Users/Wiggins/Downloads/apache-ant-1.10.11/lib" />
    <property name="ivy.cache.dir.ivy.instance" value="/Users/Wiggins/.ivy2/cache" />
    <property name="ant.project.name" value="jedit" />
    <property name="jdk.debug.ivy.instance" value="release" />
    <property name="sun.jnu.encoding" value="UTF-8" />
    <property name="java.specification.name.ivy.instance" value="Java Platform API Specification" />
    <property name="jar.filename" value="jedit.jar" />
    <property name="ivy.settings.file.ivy.instance" value="/Users/Wiggins/Desktop/CS471/H4/jEdit/build/ivysettings.xml" />
    <property name="ivy.default.conf.dir" value="jar:file:/Users/Wiggins/Desktop/CS471/H4/jEdit/lib/ivy/ivy-2.2.0.jar!/org/apache/ivy/core/settings" />
    <property name="java.runtime.version.ivy.instance" value="14.0.2+12-46" />
    <property name="java.vm.specification.vendor.ivy.instance" value="Oracle Corporation" />
    <property name="ivy.local.default.artifact.pattern.ivy.instance" value="[organisation]/[module]/[revision]/[type]s/[artifact].[ext]" />
    <property name="ivy.build.artifacts.dir.ivy.instance" value="/Users/Wiggins/Desktop/CS471/H4/jEdit/build/artifacts" />
    <property name="ivy.settings.dir" value="/Users/Wiggins/Desktop/CS471/H4/jEdit/build" />
    <property name="config.ivy.version" value="2.2.0" />
    <property name="sun.java.launcher.ivy.instance" value="SUN_STANDARD" />
    <property name="ivy.local.default.root.ivy.instance" value="/Users/Wiggins/.ivy2/local" />
    <property name="ivy.local.default.artifact.pattern" value="[organisation]/[module]/[revision]/[type]s/[artifact].[ext]" />
    <property name="mac.disk.image.filename" value="jedit5.6.0install.dmg" />
    <property name="java.class.version.ivy.instance" value="58.0" />
    <property name="jedit.version.final" value="true" />
    <property name="ivy.resolve.default.type.filter" value="*" />
    <property name="ivy.cache.ttl.default.ivy.instance" value="10s" />
    <property name="sun.management.compiler.ivy.instance" value="HotSpot 64-Bit Tiered Compilers" />
    <property name="file.separator" value="/" />
    <property name="java.vm.compressedOopsMode" value="Zero based" />
    <property name="line.separator" value="&#xa;" />
    <property name="ivy.dep.file.ivy.instance" value="ivy.xml" />
    <property name="ivy.organisation" value="org.jedit" />
    <property name="ivy.buildlist.ivyfilepath.ivy.instance" value="ivy.xml" />
    <property name="java.vm.compressedOopsMode.ivy.instance" value="Zero based" />
    <property name="src.archive.filename" value="jedit5.6.0source.tar.bz2" />
    <property name="user.name" value="Wiggins" />
    <property name="ivy.publish.src.artifacts.pattern" value="/Users/Wiggins/Desktop/CS471/H4/jEdit/distrib/[type]s/[artifact]-[revision](-[classifier]).[ext]" />
    <property name="dist.dir" value="/Users/Wiggins/Desktop/CS471/H4/jEdit/dist" />
    <property name="build.dir" value="/Users/Wiggins/Desktop/CS471/H4/jEdit/build" />
    <property name="jedit.version" value="5.6.0" />
    <property name="ant.home" value="/Users/Wiggins/Downloads/apache-ant-1.10.11" />
    <property name="ivy.module" value="jedit" />
    <property name="ant.version" value="Apache Ant(TM) version 1.10.11 compiled on July 10 2021" />
    <property name="ivy.report.output.pattern" value="[organisation]-[module]-[conf].[ext]" />
    <property name="ivy.log.modules.in.use" value="false" />
    <property name="ivy.nb.targets.copied" value="1" />
    <property name="ivy.conf.url.ivy.instance" value="file:/Users/Wiggins/Desktop/CS471/H4/jEdit/build/ivysettings.xml" />
    <property name="classes.dir" value="/Users/Wiggins/Desktop/CS471/H4/jEdit/build/classes" />
    <property name="os.arch.ivy.instance" value="x86_64" />
    <property name="socksNonProxyHosts" value="local|*.local|169.254/16|*.169.254/16" />
    <property name="java.library.path.ivy.instance" value="/Users/Wiggins/Library/Java/Extensions:/Library/Java/Extensions:/Network/Library/Java/Extensions:/System/Library/Java/Extensions:/usr/lib/java:." />
    <property name="user.home.ivy.instance" value="/Users/Wiggins" />
    <property name="ivy.shared.default.artifact.pattern.ivy.instance" value="[organisation]/[module]/[revision]/[type]s/[artifact].[ext]" />
    <property name="java.vendor.url.bug.ivy.instance" value="https://bugreport.java.com/bugreport/" />
    <property name="ivy.local.default.root" value="/Users/Wiggins/.ivy2/local" />
    <property name="java.class.path" value="/Users/Wiggins/Desktop/CS471/H4/jEdit/lib/test/apiguardian-api.jar:/Users/Wiggins/Desktop/CS471/H4/jEdit/lib/test/byte-buddy-agent.jar:/Users/Wiggins/Desktop/CS471/H4/jEdit/lib/test/byte-buddy.jar:/Users/Wiggins/Desktop/CS471/H4/jEdit/lib/test/hamcrest-core.jar:/Users/Wiggins/Desktop/CS471/H4/jEdit/lib/test/hamcrest-library.jar:/Users/Wiggins/Desktop/CS471/H4/jEdit/lib/test/hamcrest.jar:/Users/Wiggins/Desktop/CS471/H4/jEdit/lib/test/jsr305.jar:/Users/Wiggins/Desktop/CS471/H4/jEdit/lib/test/junit-jupiter-api.jar:/Users/Wiggins/Desktop/CS471/H4/jEdit/lib/test/junit-platform-commons.jar:/Users/Wiggins/Desktop/CS471/H4/jEdit/lib/test/junit.jar:/Users/Wiggins/Desktop/CS471/H4/jEdit/lib/test/mockito-core.jar:/Users/Wiggins/Desktop/CS471/H4/jEdit/lib/test/mockito-junit-jupiter.jar:/Users/Wiggins/Desktop/CS471/H4/jEdit/lib/test/objenesis.jar:/Users/Wiggins/Desktop/CS471/H4/jEdit/lib/test/opentest4j.jar:/Users/Wiggins/Desktop/CS471/H4/jEdit/build/classes/core:/Users/Wiggins/Desktop/CS471/H4/jEdit/build/classes/test:/Users/Wiggins/Downloads/apache-ant-1.10.11/lib/ant.jar:/Users/Wiggins/Downloads/apache-ant-1.10.11/lib/ant-junit.jar:/Users/Wiggins/Downloads/apache-ant-1.10.11/lib/ant-junit4.jar" />
    <property name="java.vm.vendor" value="Oracle Corporation" />
    <property name="java.vendor.ivy.instance" value="Oracle Corporation" />
    <property name="ivy.project.dir.ivy.instance" value="/Users/Wiggins/Desktop/CS471/H4/jEdit" />
    <property name="config.build.deprecation" value="true" />
    <property name="ivy.status.ivy.instance" value="integration" />
    <property name="sun.java.launcher" value="SUN_STANDARD" />
    <property name="user.country" value="US" />
    <property name="jedit.build.number" value="05.06.99.00" />
    <property name="ivy.retrieve.pattern" value="/Users/Wiggins/Desktop/CS471/H4/jEdit/lib/[conf]/[artifact](-[classifier]).[ext]" />
    <property name="sun.cpu.endian" value="little" />
    <property name="ivy.checksums.ivy.instance" value="sha1,md5" />
    <property name="user.language" value="en" />
    <property name="config.dist.dir" value="dist" />
    <property name="user.name.ivy.instance" value="Wiggins" />
    <property name="ivy.home.ivy.instance" value="/Users/Wiggins/.ivy2" />
    <property name="ant.java.version" value="14" />
    <property name="ivy.conf.file.ivy.instance" value="/Users/Wiggins/Desktop/CS471/H4/jEdit/build/ivysettings.xml" />
    <property name="ivy.basedir" value="/Users/Wiggins/Desktop/CS471/H4/jEdit" />
    <property name="http.nonProxyHosts.ivy.instance" value="local|*.local|169.254/16|*.169.254/16" />
    <property name="java.vm.vendor.ivy.instance" value="Oracle Corporation" />
    <property name="ant.home.ivy.instance" value="/Users/Wiggins/Downloads/apache-ant-1.10.11" />
    <property name="ivy.cache.ttl.default" value="10s" />
    <property name="jedit.plugins.artifact.patterns" value="&lt;artifact pattern=&quot;jar:http://ayera.dl.sourceforge.net/project/jedit-plugins/[artifact]/[revision]/[artifact]-[revision]-bin.zip!/[artifact].jar&quot; /&gt;&#xa;&lt;artifact pattern=&quot;jar:http://cfhcable.dl.sourceforge.net/project/jedit-plugins/[artifact]/[revision]/[artifact]-[revision]-bin.zip!/[artifact].jar&quot; /&gt;&#xa;&lt;artifact pattern=&quot;jar:http://deac-ams.dl.sourceforge.net/project/jedit-plugins/[artifact]/[revision]/[artifact]-[revision]-bin.zip!/[artifact].jar&quot; /&gt;&#xa;&lt;artifact pattern=&quot;jar:http://deac-fra.dl.sourceforge.net/project/jedit-plugins/[artifact]/[revision]/[artifact]-[revision]-bin.zip!/[artifact].jar&quot; /&gt;&#xa;&lt;artifact pattern=&quot;jar:http://deac-riga.dl.sourceforge.net/project/jedit-plugins/[artifact]/[revision]/[artifact]-[revision]-bin.zip!/[artifact].jar&quot; /&gt;&#xa;&lt;artifact pattern=&quot;jar:http://freefr.dl.sourceforge.net/project/jedit-plugins/[artifact]/[revision]/[artifact]-[revision]-bin.zip!/[artifact].jar&quot; /&gt;&#xa;&lt;artifact pattern=&quot;jar:http://gigenet.dl.sourceforge.net/project/jedit-plugins/[artifact]/[revision]/[artifact]-[revision]-bin.zip!/[artifact].jar&quot; /&gt;&#xa;&lt;artifact pattern=&quot;jar:http://iweb.dl.sourceforge.net/project/jedit-plugins/[artifact]/[revision]/[artifact]-[revision]-bin.zip!/[artifact].jar&quot; /&gt;&#xa;&lt;artifact pattern=&quot;jar:http://jaist.dl.sourceforge.net/project/jedit-plugins/[artifact]/[revision]/[artifact]-[revision]-bin.zip!/[artifact].jar&quot; /&gt;&#xa;&lt;artifact pattern=&quot;jar:http://jztkft.dl.sourceforge.net/project/jedit-plugins/[artifact]/[revision]/[artifact]-[revision]-bin.zip!/[artifact].jar&quot; /&gt;&#xa;&lt;artifact pattern=&quot;jar:http://kumisystems.dl.sourceforge.net/project/jedit-plugins/[artifact]/[revision]/[artifact]-[revision]-bin.zip!/[artifact].jar&quot; /&gt;&#xa;&lt;artifact pattern=&quot;jar:http://managedway.dl.sourceforge.net/project/jedit-plugins/[artifact]/[revision]/[artifact]-[revision]-bin.zip!/[artifact].jar&quot; /&gt;&#xa;&lt;artifact pattern=&quot;jar:http://nchc.dl.sourceforge.net/project/jedit-plugins/[artifact]/[revision]/[artifact]-[revision]-bin.zip!/[artifact].jar&quot; /&gt;&#xa;&lt;artifact pattern=&quot;jar:http://netactuate.dl.sourceforge.net/project/jedit-plugins/[artifact]/[revision]/[artifact]-[revision]-bin.zip!/[artifact].jar&quot; /&gt;&#xa;&lt;artifact pattern=&quot;jar:http://netcologne.dl.sourceforge.net/project/jedit-plugins/[artifact]/[revision]/[artifact]-[revision]-bin.zip!/[artifact].jar&quot; /&gt;&#xa;&lt;artifact pattern=&quot;jar:http://netix.dl.sourceforge.net/project/jedit-plugins/[artifact]/[revision]/[artifact]-[revision]-bin.zip!/[artifact].jar&quot; /&gt;&#xa;&lt;artifact pattern=&quot;jar:http://phoenixnap.dl.sourceforge.net/project/jedit-plugins/[artifact]/[revision]/[artifact]-[revision]-bin.zip!/[artifact].jar&quot; /&gt;&#xa;&lt;artifact pattern=&quot;jar:http://pilotfiber.dl.sourceforge.net/project/jedit-plugins/[artifact]/[revision]/[artifact]-[revision]-bin.zip!/[artifact].jar&quot; /&gt;&#xa;&lt;artifact pattern=&quot;jar:http://razaoinfo.dl.sourceforge.net/project/jedit-plugins/[artifact]/[revision]/[artifact]-[revision]-bin.zip!/[artifact].jar&quot; /&gt;&#xa;&lt;artifact pattern=&quot;jar:http://tenet.dl.sourceforge.net/project/jedit-plugins/[artifact]/[revision]/[artifact]-[revision]-bin.zip!/[artifact].jar&quot; /&gt;&#xa;&lt;artifact pattern=&quot;jar:http://udomain.dl.sourceforge.net/project/jedit-plugins/[artifact]/[revision]/[artifact]-[revision]-bin.zip!/[artifact].jar&quot; /&gt;&#xa;&lt;artifact pattern=&quot;jar:http://ufpr.dl.sourceforge.net/project/jedit-plugins/[artifact]/[revision]/[artifact]-[revision]-bin.zip!/[artifact].jar&quot; /&gt;&#xa;&lt;artifact pattern=&quot;jar:http://versaweb.dl.sourceforge.net/project/jedit-plugins/[artifact]/[revision]/[artifact]-[revision]-bin.zip!/[artifact].jar&quot; /&gt;&#xa;&lt;artifact pattern=&quot;jar:http://vorboss.dl.sourceforge.net/project/jedit-plugins/[artifact]/[revision]/[artifact]-[revision]-bin.zip!/[artifact].jar&quot; /&gt;&#xa;" />
    <property name="java.vm.name.ivy.instance" value="OpenJDK 64-Bit Server VM" />
    <property name="java.specification.vendor.ivy.instance" value="Oracle Corporation" />
    <property name="ivy.resolver.default.check.modified.ivy.instance" value="false" />
    <property name="ivy.configurations" value="*" />
    <property name="ftp.nonProxyHosts" value="local|*.local|169.254/16|*.169.254/16" />
    <property name="polyglot.js.nashorn-compat.ivy.instance" value="true" />
    <property name="ivy.default.always.check.exact.revision" value="false" />
    <property name="java.runtime.name" value="OpenJDK Runtime Environment" />
    <property name="ivy.distrib.dir.ivy.instance" value="/Users/Wiggins/Desktop/CS471/H4/jEdit/distrib" />
    <property name="ant.project.invoked-targets" value="run" />
    <property name="ant.core.lib" value="/Users/Wiggins/Downloads/apache-ant-1.10.11/lib/ant.jar" />
    <property name="java.vendor.url.bug" value="https://bugreport.java.com/bugreport/" />
    <property name="user.dir" value="/Users/Wiggins/Desktop/CS471/H4/jEdit" />
    <property name="ivy.done" value="true" />
    <property name="config.build.dir" value="build" />
    <property name="path.separator.ivy.instance" value=":" />
    <property name="ivy.local.default.ivy.pattern.ivy.instance" value="[organisation]/[module]/[revision]/[type]s/[artifact].[ext]" />
    <property name="ivy.report.output.pattern.ivy.instance" value="[organisation]-[module]-[conf].[ext]" />
    <property name="ivy.targets.copied" value="true" />
    <property name="ivy.log.modules.in.use.ivy.instance" value="false" />
    <property name="java.vm.version" value="14.0.2+12-46" />
    <property name="ivy.resolver.default.check.modified" value="false" />
    <property name="java.home.ivy.instance" value="/Library/Java/JavaVirtualMachines/openjdk-14.0.2.jdk/Contents/Home" />
    <property name="dist.jar.filename" value="jedit5.6.0install.jar" />
    <property name="ivy.shared.default.artifact.pattern" value="[organisation]/[module]/[revision]/[type]s/[artifact].[ext]" />
    <property name="ivy.settings.url" value="file:/Users/Wiggins/Desktop/CS471/H4/jEdit/build/ivysettings.xml" />
    <property name="ivy.build.artifacts.dir" value="/Users/Wiggins/Desktop/CS471/H4/jEdit/build/artifacts" />
    <property name="ivy.resolved.configurations" value="default, master, compile, runtime, test, provided, sources, javadoc, ant-contrib, docbook, fop, launch4j, scripting, default-plugins, appbundler" />
    <property name="ivy.conf.url" value="file:/Users/Wiggins/Desktop/CS471/H4/jEdit/build/ivysettings.xml" />
  </properties>
  <testcase classname="org.gjt.sp.jedit.TextUtilitiesTest" name="joinEmpty" time="0.008" />
  <testcase classname="org.gjt.sp.jedit.TextUtilitiesTest" name="join" time="0.0" />
  <system-out><![CDATA[]]></system-out>
  <system-err><![CDATA[]]></system-err>
</testsuite>
